<?xml version="1.0" encoding="UTF-8"?>
<!-- Generated by org.testng.reporters.JUnitXMLReporter -->
<testsuite ignored="0" hostname="PIL-D-O-15-009" failures="0" tests="16" name="Faculty Profile" time="277.568" errors="0" timestamp="2021-10-19T12:25:07 IST">
  <testcase classname="testCases.FacultyRole_EditProfile" name="validateNavigatetoProfile" time="5.254"/>
  <testcase classname="testCases.FacultyRole_EditProfile" name="validateBreadCrumbs" time="0.066"/>
  <testcase classname="testCases.FacultyRole_EditProfile" name="validateCancelBtn" time="5.077"/>
  <testcase classname="testCases.FacultyRole_EditProfile" name="validateCloseBtnPopup" time="5.11"/>
  <testcase classname="testCases.FacultyRole_EditProfile" name="validateOkayBtnPopup" time="9.217"/>
  <testcase classname="testCases.FacultyRole_EditProfile" name="validateNavigatetoProfile1" time="5.072"/>
  <testcase classname="testCases.FacultyRole_EditProfile" name="validateSaveBtnWithoutChngs" time="5.103"/>
  <testcase classname="testCases.FacultyRole_EditProfile" name="validateSaveBtnWithChngs" time="53.636"/>
  <testcase classname="testCases.FacultyRole_EditProfile" name="validateChangeOffclEmailId" time="64.857"/>
  <testcase classname="testCases.FacultyRole_EditProfile" name="validateMobileNumber" time="16.904"/>
  <testcase classname="testCases.FacultyRole_EditProfile" name="validateLandPhoneNumber" time="16.891"/>
  <testcase classname="testCases.FacultyRole_EditProfile" name="validatePIN" time="25.406"/>
  <testcase classname="testCases.FacultyRole_EditProfile" name="validateRemoveGroupLeader" time="8.333"/>
  <testcase classname="testCases.FacultyRole_EditProfile" name="validateAssignGroupLeader" time="13.331"/>
  <testcase classname="testCases.FacultyRole_EditProfile" name="validateGroupLeaderFail" time="16.698"/>
  <testcase classname="testCases.FacultyRole_EditProfile" name="validateMandatoryFields" time="26.575"/>
</testsuite> <!-- Faculty Profile -->
