<?xml version="1.0" encoding="UTF-8"?>
<!-- Generated by org.testng.reporters.JUnitXMLReporter -->
<testsuite ignored="1" hostname="PIL-D-O-15-009" failures="0" tests="3" name="Faculty Login" time="20.895" errors="0" timestamp="2021-08-25T20:37:31 IST">
  <testcase classname="testCases.Login" name="ValidUserandinvalidPass" time="0.047"/>
  <testcase classname="testCases.Login" name="invalidUserIdandPassword" time="13.439"/>
  <testcase classname="testCases.Login" name="ValidUserIdandPassword" time="7.369"/>
  <testcase classname="testCases.Login" name="invalidUserandPassword" time="0.0">
    <ignored/>
  </testcase> <!-- invalidUserandPassword -->
</testsuite> <!-- Faculty Login -->
