<?xml version="1.0" encoding="UTF-8"?>
<!-- Generated by org.testng.reporters.JUnitXMLReporter -->
<testsuite ignored="0" hostname="PIL-D-O-15-009" failures="0" tests="9" name="Suggest Station" time="93.675" errors="0" timestamp="2021-08-11T11:54:58 IST">
  <testcase classname="testCases.Suggest_Station" name="validateNavigatetoSuggestStation" time="6.538"/>
  <testcase classname="testCases.Suggest_Station" name="validateBreadCrumbs" time="0.036"/>
  <testcase classname="testCases.Suggest_Station" name="validateGridOnPageLoad" time="0.115"/>
  <testcase classname="testCases.Suggest_Station" name="validateSearchCriteriaDropdown" time="28.949"/>
  <testcase classname="testCases.Suggest_Station" name="validateStatusDropDownFilter" time="21.74"/>
  <testcase classname="testCases.Suggest_Station" name="validatePSTypeDropDownFilter" time="11.148"/>
  <testcase classname="testCases.Suggest_Station" name="ClickDelete" time="15.176"/>
  <testcase classname="testCases.Suggest_Station" name="validateDeleteStation" time="6.423"/>
  <testcase classname="testCases.Suggest_Station" name="validateNavigatetoAddStation" time="3.532"/>
</testsuite> <!-- Suggest Station -->
