<?xml version="1.0" encoding="UTF-8"?>
<!-- Generated by org.testng.reporters.JUnitXMLReporter -->
<testsuite ignored="0" hostname="PIL-D-O-15-009" failures="0" tests="8" name="Suggest Station List" time="86.121" errors="0" timestamp="2021-08-13T12:36:03 IST">
  <testcase classname="testCases.Faculty_Suggest_Station_List" name="validateNavigatetoSuggestStation" time="5.469"/>
  <testcase classname="testCases.Faculty_Suggest_Station_List" name="validateBreadCrumbs" time="0.036"/>
  <testcase classname="testCases.Faculty_Suggest_Station_List" name="validateGridOnPageLoad" time="0.12"/>
  <testcase classname="testCases.Faculty_Suggest_Station_List" name="validateSearchCriteriaDropdown" time="29.453"/>
  <testcase classname="testCases.Faculty_Suggest_Station_List" name="validateStatusDropDownFilter" time="21.508"/>
  <testcase classname="testCases.Faculty_Suggest_Station_List" name="validatePSTypeDropDownFilter" time="11.195"/>
  <testcase classname="testCases.Faculty_Suggest_Station_List" name="ClickDelete" time="15.43"/>
  <testcase classname="testCases.Faculty_Suggest_Station_List" name="validateNavigatetoAddStation" time="2.893"/>
</testsuite> <!-- Suggest Station List -->
