<?xml version="1.0" encoding="UTF-8"?>
<!-- Generated by org.testng.reporters.JUnitXMLReporter -->
<testsuite ignored="0" hostname="PIL-D-O-15-009" failures="0" tests="3" name="Suggest Station Detail" time="69.793" errors="0" timestamp="2021-08-13T18:16:24 IST">
  <testcase classname="testCases.Faculty_Suggest_Station_Detail" name="validateNavigatetoAddStation" time="2.623"/>
  <testcase classname="testCases.Faculty_Suggest_Station_Detail" name="VerifyAddedStation" time="15.808"/>
  <testcase classname="testCases.Faculty_Suggest_Station_Detail" name="VerifyEditExistingStation" time="51.349"/>
</testsuite> <!-- Suggest Station Detail -->
