<?xml version="1.0" encoding="UTF-8"?>
<testng-results ignored="1" total="30" passed="29" failed="0" skipped="0">
  <reporter-output>
  </reporter-output>
  <suite started-at="2021-10-13T10:52:50 IST" name="BITS Automation" finished-at="2021-10-13T10:55:05 IST" duration-ms="135798">
    <groups>
    </groups>
    <test started-at="2021-10-13T10:52:50 IST" name="Login" finished-at="2021-10-13T10:53:13 IST" duration-ms="23368">
      <class name="testCases.Login">
        <test-method signature="ValidUserandinvalidPass()[pri:0, instance:testCases.Login@2a265ea9]" started-at="2021-10-13T10:52:50 IST" name="ValidUserandinvalidPass" finished-at="2021-10-13T10:52:50 IST" duration-ms="43" status="PASS">
          <reporter-output>
          </reporter-output>
        </test-method> <!-- ValidUserandinvalidPass -->
        <test-method signature="InvalidUserIdandPassword()[pri:1, instance:testCases.Login@2a265ea9]" started-at="2021-10-13T10:52:50 IST" name="InvalidUserIdandPassword" finished-at="2021-10-13T10:53:01 IST" duration-ms="11686" status="PASS">
          <reporter-output>
          </reporter-output>
        </test-method> <!-- InvalidUserIdandPassword -->
        <test-method signature="ValidUserIdandPassword()[pri:2, instance:testCases.Login@2a265ea9]" started-at="2021-10-13T10:53:01 IST" name="ValidUserIdandPassword" finished-at="2021-10-13T10:53:13 IST" duration-ms="11597" status="PASS">
          <reporter-output>
          </reporter-output>
        </test-method> <!-- ValidUserIdandPassword -->
      </class> <!-- testCases.Login -->
    </test> <!-- Login -->
    <test started-at="2021-10-13T10:53:13 IST" name="DashBoard - Admin Role" finished-at="2021-10-13T10:55:05 IST" duration-ms="112398">
      <class name="testCases.AdminRole_Dashboard">
        <test-method is-config="true" signature="launchBrowser()[pri:0, instance:testCases.AdminRole_Dashboard@5524cca1]" started-at="2021-10-13T10:52:42 IST" name="launchBrowser" finished-at="2021-10-13T10:52:50 IST" duration-ms="7271" status="PASS">
          <reporter-output>
          </reporter-output>
        </test-method> <!-- launchBrowser -->
        <test-method signature="ClickRecord()[pri:0, instance:testCases.AdminRole_Dashboard@5524cca1]" started-at="2021-10-13T10:53:13 IST" name="ClickRecord" finished-at="2021-10-13T10:53:18 IST" duration-ms="4886" status="PASS">
          <reporter-output>
          </reporter-output>
        </test-method> <!-- ClickRecord -->
        <test-method signature="VerifyDashboardpage()[pri:1, instance:testCases.AdminRole_Dashboard@5524cca1]" started-at="2021-10-13T10:53:18 IST" name="VerifyDashboardpage" finished-at="2021-10-13T10:53:22 IST" duration-ms="4081" status="PASS">
          <reporter-output>
          </reporter-output>
        </test-method> <!-- VerifyDashboardpage -->
        <test-method signature="VerifyPracticeSchool()[pri:2, instance:testCases.AdminRole_Dashboard@5524cca1]" started-at="2021-10-13T10:53:22 IST" name="VerifyPracticeSchool" finished-at="2021-10-13T10:53:26 IST" duration-ms="4223" status="PASS">
          <reporter-output>
          </reporter-output>
        </test-method> <!-- VerifyPracticeSchool -->
        <test-method signature="VerifySemester()[pri:3, instance:testCases.AdminRole_Dashboard@5524cca1]" started-at="2021-10-13T10:53:26 IST" name="VerifySemester" finished-at="2021-10-13T10:53:30 IST" duration-ms="4196" status="PASS">
          <reporter-output>
          </reporter-output>
        </test-method> <!-- VerifySemester -->
        <test-method signature="VerifyCurrentBatch()[pri:4, instance:testCases.AdminRole_Dashboard@5524cca1]" started-at="2021-10-13T10:53:30 IST" name="VerifyCurrentBatch" finished-at="2021-10-13T10:53:35 IST" duration-ms="4187" status="PASS">
          <reporter-output>
          </reporter-output>
        </test-method> <!-- VerifyCurrentBatch -->
        <test-method signature="VerifyTotalStudents()[pri:5, instance:testCases.AdminRole_Dashboard@5524cca1]" started-at="2021-10-13T10:53:35 IST" name="VerifyTotalStudents" finished-at="2021-10-13T10:53:39 IST" duration-ms="4144" status="PASS">
          <reporter-output>
          </reporter-output>
        </test-method> <!-- VerifyTotalStudents -->
        <test-method signature="VerifyAllottedStudents()[pri:7, instance:testCases.AdminRole_Dashboard@5524cca1]" started-at="2021-10-13T10:53:39 IST" name="VerifyAllottedStudents" finished-at="2021-10-13T10:53:43 IST" duration-ms="4153" status="PASS">
          <reporter-output>
          </reporter-output>
        </test-method> <!-- VerifyAllottedStudents -->
        <test-method signature="VerifyAllottedOrganizations()[pri:8, instance:testCases.AdminRole_Dashboard@5524cca1]" started-at="2021-10-13T10:53:43 IST" name="VerifyAllottedOrganizations" finished-at="2021-10-13T10:53:47 IST" duration-ms="4166" status="PASS">
          <reporter-output>
          </reporter-output>
        </test-method> <!-- VerifyAllottedOrganizations -->
        <test-method signature="VerifyOrganizationsAnnounced()[pri:9, instance:testCases.AdminRole_Dashboard@5524cca1]" started-at="2021-10-13T10:53:47 IST" name="VerifyOrganizationsAnnounced" finished-at="2021-10-13T10:53:51 IST" duration-ms="4115" status="PASS">
          <reporter-output>
          </reporter-output>
        </test-method> <!-- VerifyOrganizationsAnnounced -->
        <test-method signature="VerifyCoreDiscipline()[pri:10, instance:testCases.AdminRole_Dashboard@5524cca1]" started-at="2021-10-13T10:53:51 IST" name="VerifyCoreDiscipline" finished-at="2021-10-13T10:53:55 IST" duration-ms="4111" status="PASS">
          <reporter-output>
          </reporter-output>
        </test-method> <!-- VerifyCoreDiscipline -->
        <test-method signature="VerifyNonCoreDiscipline()[pri:11, instance:testCases.AdminRole_Dashboard@5524cca1]" started-at="2021-10-13T10:53:55 IST" name="VerifyNonCoreDiscipline" finished-at="2021-10-13T10:53:59 IST" duration-ms="4151" status="PASS">
          <reporter-output>
          </reporter-output>
        </test-method> <!-- VerifyNonCoreDiscipline -->
        <test-method signature="VerifyTop5Preferences()[pri:12, instance:testCases.AdminRole_Dashboard@5524cca1]" started-at="2021-10-13T10:53:59 IST" name="VerifyTop5Preferences" finished-at="2021-10-13T10:54:03 IST" duration-ms="4097" status="PASS">
          <reporter-output>
          </reporter-output>
        </test-method> <!-- VerifyTop5Preferences -->
        <test-method signature="VerifyStationsParticipated()[pri:13, instance:testCases.AdminRole_Dashboard@5524cca1]" started-at="2021-10-13T10:54:04 IST" name="VerifyStationsParticipated" finished-at="2021-10-13T10:54:08 IST" duration-ms="4104" status="PASS">
          <reporter-output>
          </reporter-output>
        </test-method> <!-- VerifyStationsParticipated -->
        <test-method signature="VerifyAnnouncedStations()[pri:14, instance:testCases.AdminRole_Dashboard@5524cca1]" started-at="2021-10-13T10:54:08 IST" name="VerifyAnnouncedStations" finished-at="2021-10-13T10:54:12 IST" duration-ms="4123" status="PASS">
          <reporter-output>
          </reporter-output>
        </test-method> <!-- VerifyAnnouncedStations -->
        <test-method signature="VerifyStationsAllotted()[pri:15, instance:testCases.AdminRole_Dashboard@5524cca1]" started-at="2021-10-13T10:54:12 IST" name="VerifyStationsAllotted" finished-at="2021-10-13T10:54:16 IST" duration-ms="4156" status="PASS">
          <reporter-output>
          </reporter-output>
        </test-method> <!-- VerifyStationsAllotted -->
        <test-method signature="VerifyTotalRequirements()[pri:16, instance:testCases.AdminRole_Dashboard@5524cca1]" started-at="2021-10-13T10:54:16 IST" name="VerifyTotalRequirements" finished-at="2021-10-13T10:54:20 IST" duration-ms="4153" status="PASS">
          <reporter-output>
          </reporter-output>
        </test-method> <!-- VerifyTotalRequirements -->
        <test-method signature="VerifyTotalAllotted()[pri:17, instance:testCases.AdminRole_Dashboard@5524cca1]" started-at="2021-10-13T10:54:20 IST" name="VerifyTotalAllotted" finished-at="2021-10-13T10:54:24 IST" duration-ms="4130" status="PASS">
          <reporter-output>
          </reporter-output>
        </test-method> <!-- VerifyTotalAllotted -->
        <test-method signature="VerifyStipendHighest()[pri:18, instance:testCases.AdminRole_Dashboard@5524cca1]" started-at="2021-10-13T10:54:24 IST" name="VerifyStipendHighest" finished-at="2021-10-13T10:54:30 IST" duration-ms="6216" status="PASS">
          <reporter-output>
          </reporter-output>
        </test-method> <!-- VerifyStipendHighest -->
        <test-method signature="VerifyStipendAverage()[pri:19, instance:testCases.AdminRole_Dashboard@5524cca1]" started-at="2021-10-13T10:54:30 IST" name="VerifyStipendAverage" finished-at="2021-10-13T10:54:34 IST" duration-ms="4088" status="PASS">
          <reporter-output>
          </reporter-output>
        </test-method> <!-- VerifyStipendAverage -->
        <test-method signature="VerifyStipendMedian()[pri:19, instance:testCases.AdminRole_Dashboard@5524cca1]" started-at="2021-10-13T10:54:34 IST" name="VerifyStipendMedian" finished-at="2021-10-13T10:54:39 IST" duration-ms="4105" status="PASS">
          <reporter-output>
          </reporter-output>
        </test-method> <!-- VerifyStipendMedian -->
        <test-method signature="VerifyStipendLowest()[pri:20, instance:testCases.AdminRole_Dashboard@5524cca1]" started-at="2021-10-13T10:54:39 IST" name="VerifyStipendLowest" finished-at="2021-10-13T10:54:43 IST" duration-ms="4080" status="PASS">
          <reporter-output>
          </reporter-output>
        </test-method> <!-- VerifyStipendLowest -->
        <test-method signature="VerifyFacultyTotal()[pri:21, instance:testCases.AdminRole_Dashboard@5524cca1]" started-at="2021-10-13T10:54:43 IST" name="VerifyFacultyTotal" finished-at="2021-10-13T10:54:49 IST" duration-ms="6200" status="PASS">
          <reporter-output>
          </reporter-output>
        </test-method> <!-- VerifyFacultyTotal -->
        <test-method signature="VerifyFacultyOnCampus()[pri:22, instance:testCases.AdminRole_Dashboard@5524cca1]" started-at="2021-10-13T10:54:49 IST" name="VerifyFacultyOnCampus" finished-at="2021-10-13T10:54:53 IST" duration-ms="4122" status="PASS">
          <reporter-output>
          </reporter-output>
        </test-method> <!-- VerifyFacultyOnCampus -->
        <test-method signature="VerifyFacultyOffCampus()[pri:23, instance:testCases.AdminRole_Dashboard@5524cca1]" started-at="2021-10-13T10:54:53 IST" name="VerifyFacultyOffCampus" finished-at="2021-10-13T10:54:57 IST" duration-ms="4117" status="PASS">
          <reporter-output>
          </reporter-output>
        </test-method> <!-- VerifyFacultyOffCampus -->
        <test-method signature="VerifyFacultyAllotted()[pri:24, instance:testCases.AdminRole_Dashboard@5524cca1]" started-at="2021-10-13T10:54:57 IST" name="VerifyFacultyAllotted" finished-at="2021-10-13T10:55:01 IST" duration-ms="4112" status="PASS">
          <reporter-output>
          </reporter-output>
        </test-method> <!-- VerifyFacultyAllotted -->
        <test-method signature="VerifyFacultyAvailable()[pri:25, instance:testCases.AdminRole_Dashboard@5524cca1]" started-at="2021-10-13T10:55:01 IST" name="VerifyFacultyAvailable" finished-at="2021-10-13T10:55:05 IST" duration-ms="4098" status="PASS">
          <reporter-output>
          </reporter-output>
        </test-method> <!-- VerifyFacultyAvailable -->
        <test-method is-config="true" signature="tearDown()[pri:0, instance:testCases.AdminRole_Dashboard@5524cca1]" started-at="2021-10-13T10:55:05 IST" name="tearDown" finished-at="2021-10-13T10:55:08 IST" duration-ms="2359" status="PASS">
          <reporter-output>
          </reporter-output>
        </test-method> <!-- tearDown -->
      </class> <!-- testCases.AdminRole_Dashboard -->
    </test> <!-- DashBoard - Admin Role -->
  </suite> <!-- BITS Automation -->
</testng-results>
